2023-01-22 19:35:13.151 INFO  (main) [] o.e.j.u.log Logging initialized @6367ms to org.eclipse.jetty.util.log.Slf4jLog
2023-01-22 19:35:13.458 INFO  (main) [] o.e.j.s.Server jetty-9.4.48.v20220622; built: 2022-06-21T20:42:25.880Z; git: 6b67c5719d1f4371b33655ff2d047d24e171e49a; jvm 18.0.1.1+2-6
2023-01-22 19:35:14.375 INFO  (main) [] o.a.s.s.CoreContainerProvider Using logger factory org.apache.logging.slf4j.Log4jLoggerFactory
2023-01-22 19:35:14.385 INFO  (main) [] o.a.s.s.CoreContainerProvider  ___      _       Welcome to Apache Solr™ version 9.1.0
2023-01-22 19:35:14.385 INFO  (main) [] o.a.s.s.CoreContainerProvider / __| ___| |_ _   Starting in standalone mode on port 8983
2023-01-22 19:35:14.385 INFO  (main) [] o.a.s.s.CoreContainerProvider \__ \/ _ \ | '_|  Install dir: C:\Users\inaci\Desktop\BiblioKeia\solr\solr-9.1.0
2023-01-22 19:35:14.385 INFO  (main) [] o.a.s.s.CoreContainerProvider |___/\___/_|_|    Start time: 2023-01-22T19:35:14.385462400Z
2023-01-22 19:35:14.402 INFO  (main) [] o.a.s.s.CoreContainerProvider Solr Home: C:\Users\inaci\Desktop\BiblioKeia\solr\solr-9.1.0\server\solr (source: system property: solr.solr.home)
2023-01-22 19:35:14.402 INFO  (main) [] o.a.s.c.SolrXmlConfig Loading solr.xml from C:\Users\inaci\Desktop\BiblioKeia\solr\solr-9.1.0\server\solr\solr.xml
2023-01-22 19:35:14.571 INFO  (main) [] o.a.s.c.SolrResourceLoader Added 1 libs to classloader, from paths: [/C:/Users/inaci/Desktop/BiblioKeia/solr/solr-9.1.0/lib]
2023-01-22 19:35:17.802 WARN  (main) [] o.a.s.u.StartupLoggingUtils Jetty request logging enabled. Will retain logs for last 3 days. See chapter "Configuring Logging" in reference guide for how to configure.
2023-01-22 19:35:17.802 WARN  (main) [] o.a.s.c.CoreContainer Not all security plugins configured!  authentication=disabled authorization=disabled.  Solr is only as secure as you make it. Consider configuring authentication/authorization before exposing Solr to users internal or external.  See https://s.apache.org/solrsecurity for more info
2023-01-22 19:35:36.486 WARN  (main) [] o.a.s.h.a.SystemInfoHandler Resolving canonical hostname for local host took 18.388 seconds, possible DNS misconfiguration. Set the 'solr.dns.prevent.reverse.lookup'  sysprop to true on startup to prevent future lookups if DNS can not be fixed.
2023-01-22 19:35:37.113 INFO  (main) [] o.a.s.c.CorePropertiesLocator Found 3 core definitions underneath C:\Users\inaci\Desktop\BiblioKeia\solr\solr-9.1.0\server\solr
2023-01-22 19:35:37.113 INFO  (main) [] o.a.s.c.CorePropertiesLocator Cores are: [acervo, authorities, thesaurus]
2023-01-22 19:35:37.129 INFO  (coreLoadExecutor-10-thread-1) [] o.a.s.c.TransientSolrCoreCacheDefault Allocating transient core cache for max 2147483647 cores with initial capacity of 1024
2023-01-22 19:35:37.279 INFO  (coreLoadExecutor-10-thread-3) [ x:thesaurus] o.a.s.c.SolrConfig Using Lucene MatchVersion: 9.3.0
2023-01-22 19:35:37.279 INFO  (coreLoadExecutor-10-thread-2) [ x:authorities] o.a.s.c.SolrConfig Using Lucene MatchVersion: 9.3.0
2023-01-22 19:35:37.279 INFO  (coreLoadExecutor-10-thread-1) [ x:acervo] o.a.s.c.SolrConfig Using Lucene MatchVersion: 9.3.0
2023-01-22 19:35:37.612 INFO  (coreLoadExecutor-10-thread-2) [ x:authorities] o.a.s.s.IndexSchema Schema name=default-config
2023-01-22 19:35:37.626 INFO  (coreLoadExecutor-10-thread-1) [ x:acervo] o.a.s.s.IndexSchema Schema name=default-config
2023-01-22 19:35:37.636 INFO  (coreLoadExecutor-10-thread-3) [ x:thesaurus] o.a.s.s.IndexSchema Schema name=default-config
2023-01-22 19:35:38.878 INFO  (coreLoadExecutor-10-thread-3) [ x:thesaurus] o.a.s.s.IndexSchema Loaded schema default-config/1.6 with uniqueid field id
2023-01-22 19:35:38.878 INFO  (coreLoadExecutor-10-thread-1) [ x:acervo] o.a.s.s.IndexSchema Loaded schema default-config/1.6 with uniqueid field id
2023-01-22 19:35:38.878 INFO  (coreLoadExecutor-10-thread-2) [ x:authorities] o.a.s.s.IndexSchema Loaded schema default-config/1.6 with uniqueid field id
2023-01-22 19:35:38.878 INFO  (coreLoadExecutor-10-thread-2) [ x:authorities] o.a.s.c.CoreContainer Creating SolrCore 'authorities' using configuration from configset C:\Users\inaci\Desktop\BiblioKeia\solr\solr-9.1.0\server\solr\configsets\_default, trusted=true
2023-01-22 19:35:38.878 INFO  (coreLoadExecutor-10-thread-1) [ x:acervo] o.a.s.c.CoreContainer Creating SolrCore 'acervo' using configuration from configset C:\Users\inaci\Desktop\BiblioKeia\solr\solr-9.1.0\server\solr\configsets\_default, trusted=true
2023-01-22 19:35:38.878 INFO  (coreLoadExecutor-10-thread-3) [ x:thesaurus] o.a.s.c.CoreContainer Creating SolrCore 'thesaurus' using configuration from configset C:\Users\inaci\Desktop\BiblioKeia\solr\solr-9.1.0\server\solr\configsets\_default, trusted=true
2023-01-22 19:35:39.028 INFO  (coreLoadExecutor-10-thread-2) [ x:authorities] o.a.s.c.SolrCore Opening new SolrCore at [C:\Users\inaci\Desktop\BiblioKeia\solr\solr-9.1.0\server\solr\authorities], dataDir=[C:\Users\inaci\Desktop\BiblioKeia\solr\solr-9.1.0\server\solr\authorities\data\]
2023-01-22 19:35:39.028 INFO  (coreLoadExecutor-10-thread-1) [ x:acervo] o.a.s.c.SolrCore Opening new SolrCore at [C:\Users\inaci\Desktop\BiblioKeia\solr\solr-9.1.0\server\solr\acervo], dataDir=[C:\Users\inaci\Desktop\BiblioKeia\solr\solr-9.1.0\server\solr\acervo\data\]
2023-01-22 19:35:39.028 INFO  (coreLoadExecutor-10-thread-3) [ x:thesaurus] o.a.s.c.SolrCore Opening new SolrCore at [C:\Users\inaci\Desktop\BiblioKeia\solr\solr-9.1.0\server\solr\thesaurus], dataDir=[C:\Users\inaci\Desktop\BiblioKeia\solr\solr-9.1.0\server\solr\thesaurus\data\]
2023-01-22 19:35:39.763 INFO  (main) [] o.e.j.s.h.ContextHandler Started o.e.j.w.WebAppContext@3591009c{/solr,file:///C:/Users/inaci/Desktop/BiblioKeia/solr/solr-9.1.0/server/solr-webapp/webapp/,AVAILABLE}{C:\Users\inaci\Desktop\BiblioKeia\solr\solr-9.1.0\server/solr-webapp/webapp}
2023-01-22 19:35:39.811 INFO  (main) [] o.e.j.s.RequestLogWriter Opened C:\Users\inaci\Desktop\BiblioKeia\solr\solr-9.1.0\server\logs\2023_01_22.request.log
2023-01-22 19:35:39.869 INFO  (main) [] o.e.j.s.AbstractConnector Started ServerConnector@73db4768{HTTP/1.1, (http/1.1, h2c)}{127.0.0.1:8983}
2023-01-22 19:35:39.869 INFO  (main) [] o.e.j.s.Server Started @33088ms
2023-01-22 19:35:42.252 INFO  (qtp1234586997-26) [] o.a.s.s.HttpSolrCall [admin] webapp=null path=/admin/info/system params={wt=json} status=0 QTime=252
2023-01-22 19:35:59.434 WARN  (coreLoadExecutor-10-thread-1) [ x:acervo] o.a.s.h.a.SystemInfoHandler Resolving canonical hostname for local host took 18.450 seconds, possible DNS misconfiguration. Set the 'solr.dns.prevent.reverse.lookup'  sysprop to true on startup to prevent future lookups if DNS can not be fixed.
2023-01-22 19:35:59.434 WARN  (coreLoadExecutor-10-thread-2) [ x:authorities] o.a.s.h.a.SystemInfoHandler Resolving canonical hostname for local host took 18.451 seconds, possible DNS misconfiguration. Set the 'solr.dns.prevent.reverse.lookup'  sysprop to true on startup to prevent future lookups if DNS can not be fixed.
2023-01-22 19:35:59.434 WARN  (coreLoadExecutor-10-thread-3) [ x:thesaurus] o.a.s.h.a.SystemInfoHandler Resolving canonical hostname for local host took 18.450 seconds, possible DNS misconfiguration. Set the 'solr.dns.prevent.reverse.lookup'  sysprop to true on startup to prevent future lookups if DNS can not be fixed.
2023-01-22 19:36:00.041 INFO  (coreLoadExecutor-10-thread-3) [ x:thesaurus] o.a.s.u.UpdateHandler Using UpdateLog implementation: org.apache.solr.update.UpdateLog
2023-01-22 19:36:00.041 INFO  (coreLoadExecutor-10-thread-1) [ x:acervo] o.a.s.u.UpdateHandler Using UpdateLog implementation: org.apache.solr.update.UpdateLog
2023-01-22 19:36:00.041 INFO  (coreLoadExecutor-10-thread-2) [ x:authorities] o.a.s.u.UpdateHandler Using UpdateLog implementation: org.apache.solr.update.UpdateLog
2023-01-22 19:36:00.041 INFO  (coreLoadExecutor-10-thread-3) [ x:thesaurus] o.a.s.u.UpdateLog Initializing UpdateLog: dataDir= defaultSyncLevel=FLUSH numRecordsToKeep=100 maxNumLogsToKeep=10 numVersionBuckets=65536
2023-01-22 19:36:00.041 INFO  (coreLoadExecutor-10-thread-1) [ x:acervo] o.a.s.u.UpdateLog Initializing UpdateLog: dataDir= defaultSyncLevel=FLUSH numRecordsToKeep=100 maxNumLogsToKeep=10 numVersionBuckets=65536
2023-01-22 19:36:00.041 INFO  (coreLoadExecutor-10-thread-2) [ x:authorities] o.a.s.u.UpdateLog Initializing UpdateLog: dataDir= defaultSyncLevel=FLUSH numRecordsToKeep=100 maxNumLogsToKeep=10 numVersionBuckets=65536
2023-01-22 19:36:00.158 INFO  (coreLoadExecutor-10-thread-1) [ x:acervo] o.a.s.u.CommitTracker Hard AutoCommit: if uncommitted for 15000ms; 
2023-01-22 19:36:00.158 INFO  (coreLoadExecutor-10-thread-3) [ x:thesaurus] o.a.s.u.CommitTracker Hard AutoCommit: if uncommitted for 15000ms; 
2023-01-22 19:36:00.158 INFO  (coreLoadExecutor-10-thread-2) [ x:authorities] o.a.s.u.CommitTracker Hard AutoCommit: if uncommitted for 15000ms; 
2023-01-22 19:36:00.158 INFO  (coreLoadExecutor-10-thread-3) [ x:thesaurus] o.a.s.u.CommitTracker Soft AutoCommit: disabled
2023-01-22 19:36:00.158 INFO  (coreLoadExecutor-10-thread-1) [ x:acervo] o.a.s.u.CommitTracker Soft AutoCommit: disabled
2023-01-22 19:36:00.158 INFO  (coreLoadExecutor-10-thread-2) [ x:authorities] o.a.s.u.CommitTracker Soft AutoCommit: disabled
2023-01-22 19:36:00.823 INFO  (coreLoadExecutor-10-thread-2) [ x:authorities] o.a.s.r.ManagedResourceStorage File-based storage initialized to use dir: C:\Users\inaci\Desktop\BiblioKeia\solr\solr-9.1.0\server\solr\configsets\_default\conf
2023-01-22 19:36:00.823 INFO  (coreLoadExecutor-10-thread-3) [ x:thesaurus] o.a.s.r.ManagedResourceStorage File-based storage initialized to use dir: C:\Users\inaci\Desktop\BiblioKeia\solr\solr-9.1.0\server\solr\configsets\_default\conf
2023-01-22 19:36:00.890 INFO  (coreLoadExecutor-10-thread-3) [ x:thesaurus] o.a.s.s.DirectSolrSpellChecker init: {name=default, field=_text_, classname=solr.DirectSolrSpellChecker, distanceMeasure=internal, maxEdits=2, minPrefix=1, maxInspections=5, minQueryLength=4, accuracy=0.5, maxQueryFrequency=0.01}
2023-01-22 19:36:00.890 INFO  (coreLoadExecutor-10-thread-2) [ x:authorities] o.a.s.s.DirectSolrSpellChecker init: {name=default, field=_text_, classname=solr.DirectSolrSpellChecker, distanceMeasure=internal, maxEdits=2, minPrefix=1, maxInspections=5, minQueryLength=4, accuracy=0.5, maxQueryFrequency=0.01}
2023-01-22 19:36:00.939 INFO  (coreLoadExecutor-10-thread-1) [ x:acervo] o.a.s.r.ManagedResourceStorage File-based storage initialized to use dir: C:\Users\inaci\Desktop\BiblioKeia\solr\solr-9.1.0\server\solr\configsets\_default\conf
2023-01-22 19:36:00.939 INFO  (coreLoadExecutor-10-thread-2) [ x:authorities] o.a.s.h.ReplicationHandler Commits will be reserved for 10000 ms
2023-01-22 19:36:00.939 INFO  (coreLoadExecutor-10-thread-3) [ x:thesaurus] o.a.s.h.ReplicationHandler Commits will be reserved for 10000 ms
2023-01-22 19:36:00.939 INFO  (coreLoadExecutor-10-thread-1) [ x:acervo] o.a.s.s.DirectSolrSpellChecker init: {name=default, field=_text_, classname=solr.DirectSolrSpellChecker, distanceMeasure=internal, maxEdits=2, minPrefix=1, maxInspections=5, minQueryLength=4, accuracy=0.5, maxQueryFrequency=0.01}
2023-01-22 19:36:00.957 INFO  (coreLoadExecutor-10-thread-1) [ x:acervo] o.a.s.h.ReplicationHandler Commits will be reserved for 10000 ms
2023-01-22 19:36:01.022 INFO  (searcherExecutor-14-thread-1-processing-authorities) [ x:authorities] o.a.s.c.QuerySenderListener QuerySenderListener done.
2023-01-22 19:36:01.022 INFO  (searcherExecutor-16-thread-1-processing-acervo) [ x:acervo] o.a.s.c.QuerySenderListener QuerySenderListener done.
2023-01-22 19:36:01.022 INFO  (searcherExecutor-13-thread-1-processing-thesaurus) [ x:thesaurus] o.a.s.c.QuerySenderListener QuerySenderListener done.
2023-01-22 19:36:01.022 INFO  (searcherExecutor-14-thread-1-processing-authorities) [ x:authorities] o.a.s.h.c.SpellCheckComponent Loading spell index for spellchecker: default
2023-01-22 19:36:01.022 INFO  (searcherExecutor-13-thread-1-processing-thesaurus) [ x:thesaurus] o.a.s.h.c.SpellCheckComponent Loading spell index for spellchecker: default
2023-01-22 19:36:01.022 INFO  (searcherExecutor-16-thread-1-processing-acervo) [ x:acervo] o.a.s.h.c.SpellCheckComponent Loading spell index for spellchecker: default
2023-01-22 19:36:01.061 INFO  (searcherExecutor-14-thread-1-processing-authorities) [ x:authorities] o.a.s.c.SolrCore Registered new searcher autowarm time: 0 ms
2023-01-22 19:36:01.061 INFO  (searcherExecutor-13-thread-1-processing-thesaurus) [ x:thesaurus] o.a.s.c.SolrCore Registered new searcher autowarm time: 0 ms
2023-01-22 19:36:01.061 INFO  (searcherExecutor-16-thread-1-processing-acervo) [ x:acervo] o.a.s.c.SolrCore Registered new searcher autowarm time: 0 ms
2023-01-22 19:38:08.996 INFO  (qtp1234586997-20) [] o.a.s.s.HttpSolrCall [admin] webapp=null path=/admin/cores params={indexInfo=false&wt=json&_=1674416288918} status=0 QTime=5
2023-01-22 19:38:09.131 INFO  (qtp1234586997-21) [] o.a.s.s.HttpSolrCall [admin] webapp=null path=/admin/info/system params={wt=json&_=1674416288919} status=0 QTime=137
2023-01-22 19:38:09.244 INFO  (qtp1234586997-22) [] o.a.s.s.HttpSolrCall [admin] webapp=null path=/admin/info/system params={wt=json&_=1674416288919} status=0 QTime=105
2023-01-22 19:38:13.456 INFO  (qtp1234586997-25) [] o.a.s.s.HttpSolrCall [admin] webapp=null path=/admin/cores params={indexInfo=false&wt=json&_=1674416288918} status=0 QTime=1
2023-01-22 19:38:13.488 INFO  (qtp1234586997-20) [ x:acervo] o.a.s.c.S.Request webapp=/solr path=/admin/luke params={numTerms=0&show=index&wt=json&_=1674416293133} status=0 QTime=33
2023-01-22 19:38:13.490 INFO  (qtp1234586997-53) [ x:acervo] o.a.s.c.S.Request webapp=/solr path=/admin/ping params={action=status&wt=json&_=1674416288919&ts=1674416288919} status=503 QTime=29
2023-01-22 19:38:13.528 INFO  (qtp1234586997-51) [ x:acervo] o.a.s.c.S.Request webapp=/solr path=/replication params={wt=json&command=details&_=1674416293133} status=0 QTime=72
2023-01-22 19:38:13.741 INFO  (qtp1234586997-24) [] o.a.s.s.HttpSolrCall [admin] webapp=null path=/admin/info/system params={wt=json&_=1674416288919} status=0 QTime=286
2023-01-22 19:38:13.754 INFO  (qtp1234586997-19) [ x:acervo] o.a.s.c.S.Request webapp=/solr path=/admin/system params={wt=json&_=1674416293133} status=0 QTime=297
2023-01-22 19:38:20.235 INFO  (qtp1234586997-26) [] o.a.s.s.HttpSolrCall [admin] webapp=null path=/admin/cores params={indexInfo=false&wt=json&_=1674416288918} status=0 QTime=0
2023-01-22 19:38:20.357 INFO  (qtp1234586997-28) [] o.a.s.s.HttpSolrCall [admin] webapp=null path=/admin/info/system params={wt=json&_=1674416288919} status=0 QTime=116
2023-01-22 19:38:20.367 INFO  (qtp1234586997-26) [ x:acervo] o.a.s.c.S.Request webapp=/solr path=/config/params params={wt=json&_=1674416300066} status=0 QTime=5
2023-01-22 19:38:22.011 INFO  (qtp1234586997-28) [] o.a.s.s.HttpSolrCall [admin] webapp=null path=/admin/cores params={indexInfo=false&wt=json&_=1674416288918} status=0 QTime=0
2023-01-22 19:38:22.013 INFO  (qtp1234586997-20) [ x:acervo] o.a.s.c.S.Request webapp=/solr path=/config/params params={wt=json&_=1674416300066} status=0 QTime=0
2023-01-22 19:38:22.089 INFO  (qtp1234586997-24) [ x:acervo] o.a.s.c.S.Request webapp=/solr path=/select params={q=*:*&indent=true&q.op=OR&useParams=&_=1674416300066} hits=13 status=0 QTime=76
2023-01-22 19:38:22.153 INFO  (qtp1234586997-52) [] o.a.s.s.HttpSolrCall [admin] webapp=null path=/admin/info/system params={wt=json&_=1674416288919} status=0 QTime=142
2023-01-22 19:39:00.434 INFO  (searcherExecutor-16-thread-1-processing-acervo) [ x:acervo] o.a.s.c.QuerySenderListener QuerySenderListener done.
2023-01-22 19:39:00.450 INFO  (searcherExecutor-16-thread-1-processing-acervo) [ x:acervo] o.a.s.c.SolrCore Registered new searcher autowarm time: 10 ms
2023-01-22 19:39:00.536 INFO  (qtp1234586997-24) [ x:acervo] o.a.s.u.p.LogUpdateProcessorFactory webapp=/solr path=/update params={commit=true}{deleteByQuery=*:* (-1755752788492550144), commit=} 0 251
2023-01-22 19:39:12.009 INFO  (qtp1234586997-52) [ x:acervo] o.a.s.c.S.Request webapp=/solr path=/config/params params={wt=json&_=1674416300066} status=0 QTime=0
2023-01-22 19:39:12.009 INFO  (qtp1234586997-27) [] o.a.s.s.HttpSolrCall [admin] webapp=null path=/admin/cores params={indexInfo=false&wt=json&_=1674416288918} status=0 QTime=0
2023-01-22 19:39:12.010 INFO  (qtp1234586997-28) [ x:acervo] o.a.s.c.S.Request webapp=/solr path=/select params={q=*:*&indent=true&q.op=OR&useParams=&_=1674416300066} hits=0 status=0 QTime=1
2023-01-22 19:39:12.108 INFO  (qtp1234586997-20) [] o.a.s.s.HttpSolrCall [admin] webapp=null path=/admin/info/system params={wt=json&_=1674416288919} status=0 QTime=99
2023-01-22 19:39:16.381 INFO  (qtp1234586997-20) [] o.a.s.s.HttpSolrCall [admin] webapp=null path=/admin/cores params={indexInfo=false&wt=json&_=1674416356321} status=0 QTime=0
2023-01-22 19:39:16.508 INFO  (qtp1234586997-25) [] o.a.s.s.HttpSolrCall [admin] webapp=null path=/admin/info/system params={wt=json&_=1674416356322} status=0 QTime=125
2023-01-22 19:39:16.622 INFO  (qtp1234586997-28) [] o.a.s.s.HttpSolrCall [admin] webapp=null path=/admin/info/system params={wt=json&_=1674416356322} status=0 QTime=109
2023-01-22 19:39:20.514 INFO  (qtp1234586997-20) [ x:authorities] o.a.s.c.S.Request webapp=/solr path=/admin/ping params={action=status&wt=json&_=1674416356322&ts=1674416356322} status=503 QTime=0
2023-01-22 19:39:20.514 INFO  (qtp1234586997-27) [] o.a.s.s.HttpSolrCall [admin] webapp=null path=/admin/cores params={indexInfo=false&wt=json&_=1674416356321} status=0 QTime=0
2023-01-22 19:39:20.514 INFO  (qtp1234586997-28) [ x:authorities] o.a.s.c.S.Request webapp=/solr path=/admin/luke params={numTerms=0&show=index&wt=json&_=1674416360194} status=0 QTime=0
2023-01-22 19:39:20.519 INFO  (qtp1234586997-25) [ x:authorities] o.a.s.c.S.Request webapp=/solr path=/replication params={wt=json&command=details&_=1674416360195} status=0 QTime=5
2023-01-22 19:39:20.726 INFO  (qtp1234586997-21) [ x:authorities] o.a.s.c.S.Request webapp=/solr path=/admin/system params={wt=json&_=1674416360194} status=0 QTime=213
2023-01-22 19:39:20.745 INFO  (qtp1234586997-52) [] o.a.s.s.HttpSolrCall [admin] webapp=null path=/admin/info/system params={wt=json&_=1674416356322} status=0 QTime=232
2023-01-22 19:39:26.175 INFO  (qtp1234586997-24) [] o.a.s.s.HttpSolrCall [admin] webapp=null path=/admin/cores params={indexInfo=false&wt=json&_=1674416356321} status=0 QTime=0
2023-01-22 19:39:26.177 INFO  (qtp1234586997-26) [ x:authorities] o.a.s.c.S.Request webapp=/solr path=/config/params params={wt=json&_=1674416366151} status=0 QTime=0
2023-01-22 19:39:26.298 INFO  (qtp1234586997-50) [] o.a.s.s.HttpSolrCall [admin] webapp=null path=/admin/info/system params={wt=json&_=1674416356322} status=0 QTime=123
2023-01-22 19:39:27.755 INFO  (qtp1234586997-21) [] o.a.s.s.HttpSolrCall [admin] webapp=null path=/admin/cores params={indexInfo=false&wt=json&_=1674416356321} status=0 QTime=0
2023-01-22 19:39:27.756 INFO  (qtp1234586997-50) [ x:authorities] o.a.s.c.S.Request webapp=/solr path=/config/params params={wt=json&_=1674416366151} status=0 QTime=0
2023-01-22 19:39:27.757 INFO  (qtp1234586997-52) [ x:authorities] o.a.s.c.S.Request webapp=/solr path=/select params={q=*:*&indent=true&q.op=OR&useParams=&_=1674416366151} hits=1 status=0 QTime=1
2023-01-22 19:39:27.870 INFO  (qtp1234586997-25) [] o.a.s.s.HttpSolrCall [admin] webapp=null path=/admin/info/system params={wt=json&_=1674416356322} status=0 QTime=115
2023-01-22 19:39:41.103 INFO  (searcherExecutor-14-thread-1-processing-authorities) [ x:authorities] o.a.s.c.QuerySenderListener QuerySenderListener done.
2023-01-22 19:39:41.113 INFO  (searcherExecutor-14-thread-1-processing-authorities) [ x:authorities] o.a.s.c.SolrCore Registered new searcher autowarm time: 0 ms
2023-01-22 19:39:41.123 INFO  (qtp1234586997-24) [ x:authorities] o.a.s.u.p.LogUpdateProcessorFactory webapp=/solr path=/update params={commit=true}{deleteByQuery=*:* (-1755752831189516288), commit=} 0 59
2023-01-22 19:39:46.596 INFO  (qtp1234586997-20) [] o.a.s.s.HttpSolrCall [admin] webapp=null path=/admin/cores params={indexInfo=false&wt=json&_=1674416356321} status=0 QTime=0
2023-01-22 19:39:46.596 INFO  (qtp1234586997-50) [ x:authorities] o.a.s.c.S.Request webapp=/solr path=/config/params params={wt=json&_=1674416366151} status=0 QTime=0
2023-01-22 19:39:46.599 INFO  (qtp1234586997-25) [ x:authorities] o.a.s.c.S.Request webapp=/solr path=/select params={q=*:*&indent=true&q.op=OR&useParams=&_=1674416366151} hits=0 status=0 QTime=1
2023-01-22 19:39:46.698 INFO  (qtp1234586997-52) [] o.a.s.s.HttpSolrCall [admin] webapp=null path=/admin/info/system params={wt=json&_=1674416356322} status=0 QTime=103
2023-01-22 19:39:50.616 INFO  (qtp1234586997-25) [] o.a.s.s.HttpSolrCall [admin] webapp=null path=/admin/cores params={indexInfo=false&wt=json&_=1674416390524} status=0 QTime=0
2023-01-22 19:39:50.760 INFO  (qtp1234586997-52) [] o.a.s.s.HttpSolrCall [admin] webapp=null path=/admin/info/system params={wt=json&_=1674416390525} status=0 QTime=117
2023-01-22 19:39:50.875 INFO  (qtp1234586997-25) [] o.a.s.s.HttpSolrCall [admin] webapp=null path=/admin/info/system params={wt=json&_=1674416390525} status=0 QTime=110
2023-01-22 19:39:53.574 INFO  (qtp1234586997-52) [] o.a.s.s.HttpSolrCall [admin] webapp=null path=/admin/cores params={indexInfo=false&wt=json&_=1674416390524} status=0 QTime=0
2023-01-22 19:39:53.579 INFO  (qtp1234586997-21) [ x:thesaurus] o.a.s.c.S.Request webapp=/solr path=/admin/luke params={numTerms=0&show=index&wt=json&_=1674416393566} status=0 QTime=1
2023-01-22 19:39:53.588 INFO  (qtp1234586997-25) [ x:thesaurus] o.a.s.c.S.Request webapp=/solr path=/replication params={wt=json&command=details&_=1674416393567} status=0 QTime=3
2023-01-22 19:39:53.593 INFO  (qtp1234586997-21) [ x:thesaurus] o.a.s.c.S.Request webapp=/solr path=/admin/ping params={action=status&wt=json&_=1674416390525&ts=1674416390525} status=503 QTime=0
2023-01-22 19:39:53.809 INFO  (qtp1234586997-49) [] o.a.s.s.HttpSolrCall [admin] webapp=null path=/admin/info/system params={wt=json&_=1674416390525} status=0 QTime=233
2023-01-22 19:39:53.828 INFO  (qtp1234586997-20) [ x:thesaurus] o.a.s.c.S.Request webapp=/solr path=/admin/system params={wt=json&_=1674416393566} status=0 QTime=242
2023-01-22 19:39:56.840 INFO  (qtp1234586997-52) [] o.a.s.s.HttpSolrCall [admin] webapp=null path=/admin/cores params={indexInfo=false&wt=json&_=1674416390524} status=0 QTime=0
2023-01-22 19:39:56.841 INFO  (qtp1234586997-25) [ x:thesaurus] o.a.s.c.S.Request webapp=/solr path=/config/params params={wt=json&_=1674416396821} status=0 QTime=0
2023-01-22 19:39:56.950 INFO  (qtp1234586997-50) [] o.a.s.s.HttpSolrCall [admin] webapp=null path=/admin/info/system params={wt=json&_=1674416390525} status=0 QTime=110
2023-01-22 19:39:58.451 INFO  (qtp1234586997-26) [ x:thesaurus] o.a.s.c.S.Request webapp=/solr path=/config/params params={wt=json&_=1674416396821} status=0 QTime=0
2023-01-22 19:39:58.451 INFO  (qtp1234586997-49) [] o.a.s.s.HttpSolrCall [admin] webapp=null path=/admin/cores params={indexInfo=false&wt=json&_=1674416390524} status=0 QTime=0
2023-01-22 19:39:58.451 INFO  (qtp1234586997-20) [ x:thesaurus] o.a.s.c.S.Request webapp=/solr path=/select params={q=*:*&indent=true&q.op=OR&useParams=&_=1674416396820} hits=1 status=0 QTime=0
2023-01-22 19:39:58.577 INFO  (qtp1234586997-21) [] o.a.s.s.HttpSolrCall [admin] webapp=null path=/admin/info/system params={wt=json&_=1674416390525} status=0 QTime=126
2023-01-22 19:40:28.425 INFO  (searcherExecutor-13-thread-1-processing-thesaurus) [ x:thesaurus] o.a.s.c.QuerySenderListener QuerySenderListener done.
2023-01-22 19:40:28.433 INFO  (searcherExecutor-13-thread-1-processing-thesaurus) [ x:thesaurus] o.a.s.c.SolrCore Registered new searcher autowarm time: 0 ms
2023-01-22 19:40:28.444 INFO  (qtp1234586997-25) [ x:thesaurus] o.a.s.u.p.LogUpdateProcessorFactory webapp=/solr path=/update params={commit=true}{deleteByQuery=*:* (-1755752880823861248), commit=} 0 45
2023-01-22 19:45:25.413 INFO  (qtp1234586997-19) [ x:authorities] o.a.s.c.S.Request webapp=/solr path=/select params={q=general_search:Bradbury*&q.op=AND&fq=type:PersonalName&wt=json} hits=0 status=0 QTime=1125
2023-01-22 19:46:02.019 INFO  (searcherExecutor-14-thread-1-processing-authorities) [ x:authorities] o.a.s.c.QuerySenderListener QuerySenderListener done.
2023-01-22 19:46:02.073 INFO  (searcherExecutor-14-thread-1-processing-authorities) [ x:authorities] o.a.s.c.SolrCore Registered new searcher autowarm time: 2 ms
2023-01-22 19:46:02.111 INFO  (qtp1234586997-21) [ x:authorities] o.a.s.u.p.LogUpdateProcessorFactory webapp=/solr path=/update params={commit=true}{add=[n79139258 (1755753230001766400)], commit=} 0 896
2023-01-22 19:46:11.737 INFO  (qtp1234586997-55) [ x:authorities] o.a.s.c.S.Request webapp=/solr path=/select params={q=*:*&indent=true&q.op=OR&useParams=&_=1674416366151} hits=1 status=0 QTime=1
2023-01-22 19:46:11.739 INFO  (qtp1234586997-52) [ x:authorities] o.a.s.c.S.Request webapp=/solr path=/config/params params={wt=json&_=1674416366151} status=0 QTime=2
2023-01-22 19:46:11.748 INFO  (qtp1234586997-50) [] o.a.s.s.HttpSolrCall [admin] webapp=null path=/admin/cores params={indexInfo=false&wt=json&_=1674416356321} status=0 QTime=12
2023-01-22 19:46:11.875 INFO  (qtp1234586997-24) [] o.a.s.s.HttpSolrCall [admin] webapp=null path=/admin/info/system params={wt=json&_=1674416356322} status=0 QTime=139
2023-01-22 19:48:14.213 INFO  (searcherExecutor-13-thread-1-processing-thesaurus) [ x:thesaurus] o.a.s.c.QuerySenderListener QuerySenderListener done.
2023-01-22 19:48:14.232 INFO  (searcherExecutor-13-thread-1-processing-thesaurus) [ x:thesaurus] o.a.s.c.SolrCore Registered new searcher autowarm time: 1 ms
2023-01-22 19:48:14.266 INFO  (qtp1234586997-53) [ x:thesaurus] o.a.s.u.p.LogUpdateProcessorFactory webapp=/solr path=/update params={commit=true}{add=[sh85021828 (1755753369162481664)], commit=} 0 160
2023-01-22 19:48:31.439 INFO  (qtp1234586997-19) [] o.a.s.s.HttpSolrCall [admin] webapp=null path=/admin/cores params={indexInfo=false&wt=json&_=1674416390524} status=0 QTime=19
2023-01-22 19:48:31.563 INFO  (qtp1234586997-52) [ x:thesaurus] o.a.s.c.S.Request webapp=/solr path=/select params={q=*:*&indent=true&q.op=OR&useParams=&_=1674416396820} hits=1 status=0 QTime=154
2023-01-22 19:48:31.563 INFO  (qtp1234586997-49) [ x:thesaurus] o.a.s.c.S.Request webapp=/solr path=/config/params params={wt=json&_=1674416396821} status=0 QTime=128
2023-01-22 19:48:31.677 INFO  (qtp1234586997-21) [] o.a.s.s.HttpSolrCall [admin] webapp=null path=/admin/info/system params={wt=json&_=1674416390525} status=0 QTime=248
2023-01-22 19:49:00.267 INFO  (searcherExecutor-14-thread-1-processing-authorities) [ x:authorities] o.a.s.c.QuerySenderListener QuerySenderListener done.
2023-01-22 19:49:00.279 INFO  (searcherExecutor-14-thread-1-processing-authorities) [ x:authorities] o.a.s.c.SolrCore Registered new searcher autowarm time: 9 ms
2023-01-22 19:49:00.293 INFO  (qtp1234586997-56) [ x:authorities] o.a.s.u.p.LogUpdateProcessorFactory webapp=/solr path=/update params={commit=true}{add=[n79139258 (1755753417454649344)], commit=} 0 221
2023-01-22 19:49:02.465 INFO  (searcherExecutor-13-thread-1-processing-thesaurus) [ x:thesaurus] o.a.s.c.QuerySenderListener QuerySenderListener done.
2023-01-22 19:49:02.470 INFO  (searcherExecutor-13-thread-1-processing-thesaurus) [ x:thesaurus] o.a.s.c.SolrCore Registered new searcher autowarm time: 0 ms
2023-01-22 19:49:02.480 INFO  (qtp1234586997-49) [ x:thesaurus] o.a.s.u.p.LogUpdateProcessorFactory webapp=/solr path=/update params={commit=true}{add=[sh85021828 (1755753419782488064)], commit=} 0 93
2023-01-22 19:49:04.893 INFO  (searcherExecutor-16-thread-1-processing-acervo) [ x:acervo] o.a.s.c.QuerySenderListener QuerySenderListener done.
2023-01-22 19:49:04.911 INFO  (searcherExecutor-16-thread-1-processing-acervo) [ x:acervo] o.a.s.c.SolrCore Registered new searcher autowarm time: 0 ms
2023-01-22 19:49:04.937 INFO  (qtp1234586997-55) [ x:acervo] o.a.s.u.p.LogUpdateProcessorFactory webapp=/solr path=/update params={commit=true}{add=[bk-1 (1755753422172192768)], commit=} 0 277
2023-01-22 19:49:38.401 INFO  (qtp1234586997-49) [ x:acervo] o.a.s.c.S.Request webapp=/solr path=/config/params params={wt=json&_=1674416300066} status=0 QTime=6
2023-01-22 19:49:38.401 INFO  (qtp1234586997-21) [] o.a.s.s.HttpSolrCall [admin] webapp=null path=/admin/cores params={indexInfo=false&wt=json&_=1674416288918} status=0 QTime=6
2023-01-22 19:49:38.405 INFO  (qtp1234586997-56) [ x:acervo] o.a.s.c.S.Request webapp=/solr path=/select params={q=*:*&indent=true&q.op=OR&useParams=&_=1674416300066} hits=1 status=0 QTime=11
2023-01-22 19:49:38.528 INFO  (qtp1234586997-50) [] o.a.s.s.HttpSolrCall [admin] webapp=null path=/admin/info/system params={wt=json&_=1674416288919} status=0 QTime=133
2023-01-22 19:51:32.030 INFO  (searcherExecutor-16-thread-1-processing-acervo) [ x:acervo] o.a.s.c.QuerySenderListener QuerySenderListener done.
2023-01-22 19:51:32.056 INFO  (searcherExecutor-16-thread-1-processing-acervo) [ x:acervo] o.a.s.c.SolrCore Registered new searcher autowarm time: 3 ms
2023-01-22 19:51:32.090 INFO  (qtp1234586997-56) [ x:acervo] o.a.s.u.p.LogUpdateProcessorFactory webapp=/solr path=/update params={commit=true}{add=[bk-2 (1755753576406188032), bk-1 (1755753576523628544)], commit=} 0 371
2023-01-22 19:51:46.367 INFO  (qtp1234586997-49) [] o.a.s.s.HttpSolrCall [admin] webapp=null path=/admin/cores params={indexInfo=false&wt=json&_=1674416288918} status=0 QTime=0
2023-01-22 19:51:46.367 INFO  (qtp1234586997-21) [ x:acervo] o.a.s.c.S.Request webapp=/solr path=/config/params params={wt=json&_=1674416300066} status=0 QTime=0
2023-01-22 19:51:46.369 INFO  (qtp1234586997-55) [ x:acervo] o.a.s.c.S.Request webapp=/solr path=/select params={q=*:*&indent=true&q.op=OR&useParams=&_=1674416300066} hits=2 status=0 QTime=0
2023-01-22 19:51:46.483 INFO  (qtp1234586997-50) [] o.a.s.s.HttpSolrCall [admin] webapp=null path=/admin/info/system params={wt=json&_=1674416288919} status=0 QTime=117
2023-01-22 19:52:20.378 INFO  (qtp1234586997-55) [] o.a.s.s.HttpSolrCall [admin] webapp=null path=/admin/cores params={indexInfo=false&wt=json&_=1674416356321} status=0 QTime=0
2023-01-22 19:52:20.386 INFO  (qtp1234586997-24) [ x:authorities] o.a.s.c.S.Request webapp=/solr path=/config/params params={wt=json&_=1674416366151} status=0 QTime=3
2023-01-22 19:52:20.390 INFO  (qtp1234586997-56) [ x:authorities] o.a.s.c.S.Request webapp=/solr path=/select params={q=*:*&indent=true&q.op=OR&useParams=&_=1674416366151} hits=1 status=0 QTime=6
2023-01-22 19:52:20.497 INFO  (qtp1234586997-22) [] o.a.s.s.HttpSolrCall [admin] webapp=null path=/admin/info/system params={wt=json&_=1674416356322} status=0 QTime=118
2023-01-22 19:52:32.387 INFO  (qtp1234586997-49) [] o.a.s.s.HttpSolrCall [admin] webapp=null path=/admin/cores params={indexInfo=false&wt=json&_=1674416390524} status=0 QTime=0
2023-01-22 19:52:32.394 INFO  (qtp1234586997-55) [ x:thesaurus] o.a.s.c.S.Request webapp=/solr path=/config/params params={wt=json&_=1674416396821} status=0 QTime=6
2023-01-22 19:52:32.395 INFO  (qtp1234586997-26) [ x:thesaurus] o.a.s.c.S.Request webapp=/solr path=/select params={q=*:*&indent=true&q.op=OR&useParams=&_=1674416396820} hits=1 status=0 QTime=7
2023-01-22 19:52:32.500 INFO  (qtp1234586997-21) [] o.a.s.s.HttpSolrCall [admin] webapp=null path=/admin/info/system params={wt=json&_=1674416390525} status=0 QTime=114
2023-01-22 19:52:57.420 INFO  (searcherExecutor-16-thread-1-processing-acervo) [ x:acervo] o.a.s.c.QuerySenderListener QuerySenderListener done.
2023-01-22 19:52:57.433 INFO  (searcherExecutor-16-thread-1-processing-acervo) [ x:acervo] o.a.s.c.SolrCore Registered new searcher autowarm time: 0 ms
2023-01-22 19:52:57.434 INFO  (qtp1234586997-52) [ x:acervo] o.a.s.u.p.LogUpdateProcessorFactory webapp=/solr path=/update params={commit=true}{add=[bk-3 (1755753666113961984), bk-2 (1755753666125496320)], commit=} 0 125
2023-01-22 19:53:03.868 INFO  (qtp1234586997-55) [] o.a.s.s.HttpSolrCall [admin] webapp=null path=/admin/cores params={indexInfo=false&wt=json&_=1674416288918} status=0 QTime=0
2023-01-22 19:53:03.869 INFO  (qtp1234586997-56) [ x:acervo] o.a.s.c.S.Request webapp=/solr path=/config/params params={wt=json&_=1674416300066} status=0 QTime=0
2023-01-22 19:53:03.869 INFO  (qtp1234586997-49) [ x:acervo] o.a.s.c.S.Request webapp=/solr path=/select params={q=*:*&indent=true&q.op=OR&useParams=&_=1674416300066} hits=3 status=0 QTime=1
2023-01-22 19:53:03.975 INFO  (qtp1234586997-22) [] o.a.s.s.HttpSolrCall [admin] webapp=null path=/admin/info/system params={wt=json&_=1674416288919} status=0 QTime=106
2023-01-22 20:30:09.904 INFO  (qtp1234586997-56) [] o.a.s.s.HttpSolrCall [admin] webapp=null path=/admin/cores params={indexInfo=false&wt=json&_=1674419409661} status=0 QTime=51
2023-01-22 20:30:09.964 INFO  (qtp1234586997-56) [ x:acervo] o.a.s.c.S.Request webapp=/solr path=/config/params params={wt=json&_=1674419409714} status=0 QTime=5
2023-01-22 20:30:10.002 INFO  (qtp1234586997-22) [ x:acervo] o.a.s.c.S.Request webapp=/solr path=/select params={q=*:*&indent=true&q.op=OR&useParams=&_=1674419409714} hits=3 status=0 QTime=31
2023-01-22 20:30:10.168 INFO  (qtp1234586997-51) [] o.a.s.s.HttpSolrCall [admin] webapp=null path=/admin/info/system params={wt=json&_=1674419409661} status=0 QTime=326
2023-01-22 22:09:08.730 INFO  (qtp1234586997-56) [] o.a.s.s.HttpSolrCall [admin] webapp=null path=/admin/cores params={indexInfo=false&wt=json&_=1674425348495} status=0 QTime=65
2023-01-22 22:09:08.979 INFO  (qtp1234586997-56) [ x:acervo] o.a.s.c.S.Request webapp=/solr path=/config/params params={wt=json&_=1674425348556} status=0 QTime=10
2023-01-22 22:09:09.042 INFO  (qtp1234586997-50) [ x:acervo] o.a.s.c.S.Request webapp=/solr path=/select params={q=*:*&indent=true&q.op=OR&useParams=&_=1674425348556} hits=3 status=0 QTime=72
2023-01-22 22:09:09.167 INFO  (qtp1234586997-53) [] o.a.s.s.HttpSolrCall [admin] webapp=null path=/admin/info/system params={wt=json&_=1674425348496} status=0 QTime=509
2023-01-22 22:12:23.669 INFO  (qtp1234586997-66) [ x:authorities] o.a.s.c.S.Request webapp=/solr path=/select params={q=general_search:*&q.op=AND&fq=type:PersonalName&wt=json} hits=1 status=0 QTime=495
2023-01-22 22:12:52.727 INFO  (searcherExecutor-14-thread-1-processing-authorities) [ x:authorities] o.a.s.c.QuerySenderListener QuerySenderListener done.
2023-01-22 22:12:52.815 INFO  (searcherExecutor-14-thread-1-processing-authorities) [ x:authorities] o.a.s.c.SolrCore Registered new searcher autowarm time: 6 ms
2023-01-22 22:12:52.880 INFO  (qtp1234586997-51) [ x:authorities] o.a.s.u.p.LogUpdateProcessorFactory webapp=/solr path=/update params={commit=true}{add=[n79139258 (1755762468966105088)], commit=} 0 610
2023-01-22 22:12:55.144 INFO  (searcherExecutor-13-thread-1-processing-thesaurus) [ x:thesaurus] o.a.s.c.QuerySenderListener QuerySenderListener done.
2023-01-22 22:12:55.160 INFO  (searcherExecutor-13-thread-1-processing-thesaurus) [ x:thesaurus] o.a.s.c.SolrCore Registered new searcher autowarm time: 0 ms
2023-01-22 22:12:55.217 INFO  (qtp1234586997-21) [ x:thesaurus] o.a.s.u.p.LogUpdateProcessorFactory webapp=/solr path=/update params={commit=true}{add=[sh85021828 (1755762471765803008)], commit=} 0 207
2023-01-22 22:12:57.632 INFO  (searcherExecutor-16-thread-1-processing-acervo) [ x:acervo] o.a.s.c.QuerySenderListener QuerySenderListener done.
2023-01-22 22:12:57.647 INFO  (searcherExecutor-16-thread-1-processing-acervo) [ x:acervo] o.a.s.c.SolrCore Registered new searcher autowarm time: 0 ms
2023-01-22 22:12:57.665 INFO  (qtp1234586997-69) [ x:acervo] o.a.s.u.p.LogUpdateProcessorFactory webapp=/solr path=/update params={commit=true}{add=[bk-4 (1755762474362077184)], commit=} 0 172
2023-01-22 22:14:45.687 INFO  (searcherExecutor-16-thread-1-processing-acervo) [ x:acervo] o.a.s.c.QuerySenderListener QuerySenderListener done.
2023-01-22 22:14:45.706 INFO  (searcherExecutor-16-thread-1-processing-acervo) [ x:acervo] o.a.s.c.SolrCore Registered new searcher autowarm time: 0 ms
2023-01-22 22:14:45.717 INFO  (qtp1234586997-26) [ x:acervo] o.a.s.u.p.LogUpdateProcessorFactory webapp=/solr path=/update params={commit=true}{add=[bk-5 (1755762587244429312), bk-4 (1755762587264352256)], commit=} 0 561
2023-01-22 22:14:52.491 INFO  (qtp1234586997-21) [ x:acervo] o.a.s.s.ManagedIndexSchema Upgraded to managed schema at C:\Users\inaci\Desktop\BiblioKeia\solr\solr-9.1.0\server\solr\configsets\_default\conf\managed-schema.xml
2023-01-22 22:14:52.617 INFO  (searcherExecutor-16-thread-1-processing-acervo) [ x:acervo] o.a.s.c.QuerySenderListener QuerySenderListener done.
2023-01-22 22:14:52.627 INFO  (searcherExecutor-16-thread-1-processing-acervo) [ x:acervo] o.a.s.c.SolrCore Registered new searcher autowarm time: 0 ms
2023-01-22 22:14:52.629 INFO  (qtp1234586997-21) [ x:acervo] o.a.s.u.p.LogUpdateProcessorFactory webapp=/solr path=/update params={commit=true}{add=[bk-6 (1755762594932588544), bk-5 (1755762594946220032)], commit=} 0 586
2023-01-22 22:19:33.390 INFO  (qtp1234586997-66) [ x:authorities] o.a.s.c.S.Request webapp=/solr path=/select params={q=general_search:*&q.op=AND&fq=type:PersonalName&wt=json} hits=1 status=0 QTime=334
2023-01-22 22:19:43.552 INFO  (searcherExecutor-14-thread-1-processing-authorities) [ x:authorities] o.a.s.c.QuerySenderListener QuerySenderListener done.
2023-01-22 22:19:43.641 INFO  (searcherExecutor-14-thread-1-processing-authorities) [ x:authorities] o.a.s.c.SolrCore Registered new searcher autowarm time: 6 ms
2023-01-22 22:19:43.685 INFO  (qtp1234586997-69) [ x:authorities] o.a.s.u.p.LogUpdateProcessorFactory webapp=/solr path=/update params={commit=true}{add=[n79139258 (1755762899813400576)], commit=} 0 514
2023-01-22 22:19:46.329 INFO  (searcherExecutor-16-thread-1-processing-acervo) [ x:acervo] o.a.s.c.QuerySenderListener QuerySenderListener done.
2023-01-22 22:19:46.345 INFO  (searcherExecutor-16-thread-1-processing-acervo) [ x:acervo] o.a.s.c.SolrCore Registered new searcher autowarm time: 1 ms
2023-01-22 22:19:46.345 INFO  (qtp1234586997-26) [ x:acervo] o.a.s.u.p.LogUpdateProcessorFactory webapp=/solr path=/update params={commit=true}{add=[bk-7 (1755762902769336320)], commit=} 0 283
2023-01-22 22:23:28.956 INFO  (searcherExecutor-16-thread-1-processing-acervo) [ x:acervo] o.a.s.c.QuerySenderListener QuerySenderListener done.
2023-01-22 22:23:28.991 INFO  (searcherExecutor-16-thread-1-processing-acervo) [ x:acervo] o.a.s.c.SolrCore Registered new searcher autowarm time: 1 ms
2023-01-22 22:23:29.014 INFO  (qtp1234586997-55) [ x:acervo] o.a.s.u.p.LogUpdateProcessorFactory webapp=/solr path=/update params={commit=true}{add=[bk-8 (1755763136167673856), bk-7 (1755763136246317056)], commit=} 0 412
2023-01-22 22:23:46.363 INFO  (searcherExecutor-16-thread-1-processing-acervo) [ x:acervo] o.a.s.c.QuerySenderListener QuerySenderListener done.
2023-01-22 22:23:46.391 INFO  (searcherExecutor-16-thread-1-processing-acervo) [ x:acervo] o.a.s.c.SolrCore Registered new searcher autowarm time: 0 ms
2023-01-22 22:23:46.394 INFO  (qtp1234586997-51) [ x:acervo] o.a.s.u.p.LogUpdateProcessorFactory webapp=/solr path=/update params={commit=true}{add=[bk-9 (1755763154513559552), bk-8 (1755763154543968256)], commit=} 0 245
2023-01-22 22:26:18.269 INFO  (qtp1234586997-66) [] o.a.s.s.HttpSolrCall [admin] webapp=null path=/admin/cores params={indexInfo=false&wt=json&_=1674426378098} status=0 QTime=16
2023-01-22 22:26:18.349 INFO  (qtp1234586997-66) [ x:acervo] o.a.s.c.S.Request webapp=/solr path=/config/params params={wt=json&_=1674426378206} status=0 QTime=22
2023-01-22 22:26:18.373 INFO  (qtp1234586997-26) [ x:acervo] o.a.s.c.S.Request webapp=/solr path=/select params={q=*:*&indent=true&q.op=OR&useParams=&_=1674426378205} hits=9 status=0 QTime=20
2023-01-22 22:26:18.531 INFO  (qtp1234586997-22) [] o.a.s.s.HttpSolrCall [admin] webapp=null path=/admin/info/system params={wt=json&_=1674426378099} status=0 QTime=275
2023-01-22 22:26:21.383 INFO  (qtp1234586997-50) [] o.a.s.s.HttpSolrCall [admin] webapp=null path=/admin/cores params={indexInfo=false&wt=json&_=1674426378098} status=0 QTime=1
2023-01-22 22:26:21.384 INFO  (qtp1234586997-69) [ x:acervo] o.a.s.c.S.Request webapp=/solr path=/config/params params={wt=json&_=1674426378206} status=0 QTime=0
2023-01-22 22:26:21.386 INFO  (qtp1234586997-55) [ x:acervo] o.a.s.c.S.Request webapp=/solr path=/select params={q=*:*&indent=true&q.op=OR&useParams=&_=1674426378205} hits=9 status=0 QTime=1
2023-01-22 22:26:21.505 INFO  (qtp1234586997-51) [] o.a.s.s.HttpSolrCall [admin] webapp=null path=/admin/info/system params={wt=json&_=1674426378099} status=0 QTime=122
2023-01-22 22:26:54.988 INFO  (qtp1234586997-21) [] o.a.s.s.HttpSolrCall [admin] webapp=null path=/admin/cores params={indexInfo=false&wt=json&_=1674426414887} status=0 QTime=0
2023-01-22 22:26:54.990 INFO  (qtp1234586997-22) [ x:authorities] o.a.s.c.S.Request webapp=/solr path=/config/params params={wt=json&_=1674426414960} status=0 QTime=2
2023-01-22 22:26:54.994 INFO  (qtp1234586997-26) [ x:authorities] o.a.s.c.S.Request webapp=/solr path=/select params={q=*:*&indent=true&q.op=OR&useParams=&_=1674426414960} hits=1 status=0 QTime=4
2023-01-22 22:26:55.098 INFO  (qtp1234586997-53) [] o.a.s.s.HttpSolrCall [admin] webapp=null path=/admin/info/system params={wt=json&_=1674426414887} status=0 QTime=120
2023-01-22 22:26:55.658 INFO  (qtp1234586997-55) [] o.a.s.s.HttpSolrCall [admin] webapp=null path=/admin/cores params={indexInfo=false&wt=json&_=1674426415581} status=0 QTime=1
2023-01-22 22:26:55.665 INFO  (qtp1234586997-50) [ x:thesaurus] o.a.s.c.S.Request webapp=/solr path=/config/params params={wt=json&_=1674426415629} status=0 QTime=1
2023-01-22 22:26:55.668 INFO  (qtp1234586997-51) [ x:thesaurus] o.a.s.c.S.Request webapp=/solr path=/select params={q=*:*&indent=true&q.op=OR&useParams=&_=1674426415629} hits=1 status=0 QTime=3
2023-01-22 22:26:55.781 INFO  (qtp1234586997-69) [] o.a.s.s.HttpSolrCall [admin] webapp=null path=/admin/info/system params={wt=json&_=1674426415581} status=0 QTime=123
