[2023-01-20T15:19:05.533-0400][0.015s] CardTable entry size: 512
[2023-01-20T15:19:05.533-0400][0.015s] Using G1
[2023-01-20T15:19:05.705-0400][0.190s] Version: 18.0.1.1+2-6 (release)
[2023-01-20T15:19:05.705-0400][0.190s] CPUs: 8 total, 8 available
[2023-01-20T15:19:05.705-0400][0.190s] Memory: 7582M
[2023-01-20T15:19:05.705-0400][0.190s] Large Page Support: Disabled
[2023-01-20T15:19:05.705-0400][0.190s] NUMA Support: Disabled
[2023-01-20T15:19:05.705-0400][0.190s] Compressed Oops: Enabled (32-bit)
[2023-01-20T15:19:05.705-0400][0.190s] Heap Region Size: 1M
[2023-01-20T15:19:05.705-0400][0.190s] Heap Min Capacity: 512M
[2023-01-20T15:19:05.705-0400][0.190s] Heap Initial Capacity: 512M
[2023-01-20T15:19:05.705-0400][0.190s] Heap Max Capacity: 512M
[2023-01-20T15:19:05.705-0400][0.190s] Pre-touch: Enabled
[2023-01-20T15:19:05.705-0400][0.190s] Parallel Workers: 8
[2023-01-20T15:19:05.705-0400][0.190s] Concurrent Workers: 2
[2023-01-20T15:19:05.705-0400][0.190s] Concurrent Refinement Workers: 8
[2023-01-20T15:19:05.705-0400][0.190s] Periodic GC: Disabled
[2023-01-20T15:19:05.705-0400][0.191s] CDS archive(s) mapped at: [0x0000000800000000-0x0000000800ba0000-0x0000000800ba0000), size 12189696, SharedBaseAddress: 0x0000000800000000, ArchiveRelocationMode: 0.
[2023-01-20T15:19:05.705-0400][0.191s] Compressed class space mapped at: 0x0000000800c00000-0x0000000840c00000, reserved size: 1073741824
[2023-01-20T15:19:05.705-0400][0.191s] Narrow klass base: 0x0000000800000000, Narrow klass shift: 0, Narrow klass range: 0x100000000
